<?xml version="1.0" encoding="UTF-8"?>
<!-- Generated by org.testng.reporters.JUnitReportReporter -->
<testsuite hostname="Dhanashri" failures="0" tests="4" name="test.Benifits" time="0.028" errors="0" timestamp="2025-02-23T14:35:32 IST" skipped="0">
  <testcase classname="test.Benifits" name="beforeAlltheMethod" time="0.003"/>
  <system-out/>
  <testcase classname="test.Benifits" name="BenifitsUpdateTheSalary" time="0.007"/>
  <system-out/>
  <testcase classname="test.Benifits" name="beforeClass" time="0.002"/>
  <system-out/>
  <testcase classname="test.Benifits" name="BenifitsCreateSalary" time="0.016"/>
  <system-out/>
</testsuite> <!-- test.Benifits -->
