<?xml version="1.0" encoding="UTF-8"?>
<!-- Generated by org.testng.reporters.JUnitReportReporter -->
<testsuite hostname="Dhanashri" failures="0" tests="3" name="test.DataProviderPractice" time="0.015" errors="0" timestamp="2025-02-23T11:40:35 IST" skipped="0">
  <testcase classname="test.DataProviderPractice" name="LoginCheck" time="0.012"/>
  <system-out/>
  <testcase classname="test.DataProviderPractice" name="LoginCheck" time="0.002"/>
  <system-out/>
  <testcase classname="test.DataProviderPractice" name="LoginCheck" time="0.001"/>
  <system-out/>
</testsuite> <!-- test.DataProviderPractice -->
