<?xml version="1.0" encoding="UTF-8"?>
<!-- Generated by org.testng.reporters.JUnitReportReporter -->
<testsuite hostname="Dhanashri" failures="0" tests="2" name="test.ORC" time="0.006" errors="0" timestamp="2025-02-23T14:35:32 IST" skipped="0">
  <testcase classname="test.ORC" name="ORCCreateUserWith" time="0.004"/>
  <system-out/>
  <testcase classname="test.ORC" name="CleanUpopartion" time="0.002"/>
  <system-out/>
</testsuite> <!-- test.ORC -->
