<?xml version="1.0" encoding="UTF-8"?>
<!-- Generated by org.testng.reporters.JUnitReportReporter -->
<testsuite hostname="Dhanashri" failures="0" tests="2" name="test.FirstClassTest" time="0.004" errors="0" timestamp="2025-02-18T23:47:41 IST" skipped="0">
  <testcase classname="test.FirstClassTest" name="Demo2" time="0.002"/>
  <system-out/>
  <testcase classname="test.FirstClassTest" name="Demo" time="0.002"/>
  <system-out/>
</testsuite> <!-- test.FirstClassTest -->
