<?xml version="1.0" encoding="UTF-8"?>
<!-- Generated by org.testng.reporters.JUnitReportReporter -->
<testsuite hostname="Dhanashri" failures="0" tests="2" name="test.SendoDemoClass" time="0.002" errors="0" timestamp="2025-02-20T10:50:27 IST" skipped="0">
  <testcase classname="test.SendoDemoClass" name="Ago" time="0.001"/>
  <system-out/>
  <testcase classname="test.SendoDemoClass" name="Ago2" time="0.001"/>
  <system-out/>
</testsuite> <!-- test.SendoDemoClass -->
